Command line:
   touchpad_controller_isim_beh.exe
     -simmode  gui
     -simrunnum  0
     -socket  1496

Mon Nov 03 12:17:07 2014


 Elaboration Time: 0.040058 sec

 Current Memory Usage: 307.266 Meg

 Total Signals          : 19
 Total Nets             : 187
 Total Signal Drivers   : 19
 Total Blocks           : 2
 Total Primitive Blocks : 2
 Total Processes        : 21
 Total Traceable Variables  : 30
 Total Scalar Nets and Variables : 362
Total Line Count : 70

 Total Simulation Time: 0.050072 sec

 Current Memory Usage: 307.266 Meg

Mon Nov 03 12:17:09 2014

