Release 13.4 Map O.87xd (nt64)
Xilinx Mapping Report File for Design 'main'

Design Information
------------------
Command Line   : map -intstyle ise -p xc6slx45-csg324-3 -w -logic_opt off -ol
high -t 1 -xt 0 -register_duplication off -r 4 -global_opt off -mt off -ir off
-pr off -lc off -power off -o main_map.ncd main.ngd main.pcf 
Target Device  : xc6slx45
Target Package : csg324
Target Speed   : -3
Mapper Version : spartan6 -- $Revision: 1.55 $
Mapped Date    : Fri Oct 31 19:16:38 2014

Design Summary
--------------
Number of errors:      0
Number of warnings:    1
Slice Logic Utilization:
  Number of Slice Registers:                   113 out of  54,576    1%
    Number used as Flip Flops:                 113
    Number used as Latches:                      0
    Number used as Latch-thrus:                  0
    Number used as AND/OR logics:                0
  Number of Slice LUTs:                        197 out of  27,288    1%
    Number used as logic:                      192 out of  27,288    1%
      Number using O6 output only:             121
      Number using O5 output only:              23
      Number using O5 and O6:                   48
      Number used as ROM:                        0
    Number used as Memory:                       0 out of   6,408    0%
    Number used exclusively as route-thrus:      5
      Number with same-slice register load:      0
      Number with same-slice carry load:         5
      Number with other load:                    0

Slice Logic Distribution:
  Number of occupied Slices:                    59 out of   6,822    1%
  Nummber of MUXCYs used:                       68 out of  13,644    1%
  Number of LUT Flip Flop pairs used:          197
    Number with an unused Flip Flop:            95 out of     197   48%
    Number with an unused LUT:                   0 out of     197    0%
    Number of fully used LUT-FF pairs:         102 out of     197   51%
    Number of unique control sets:              11
    Number of slice register sites lost
      to control set restrictions:              47 out of  54,576    1%

  A LUT Flip Flop pair for this architecture represents one LUT paired with
  one Flip Flop within a slice.  A control set is a unique combination of
  clock, reset, set, and enable signals for a registered element.
  The Slice Logic Distribution report is not meaningful if the design is
  over-mapped for a non-slice resource or if Placement fails.

IO Utilization:
  Number of bonded IOBs:                        63 out of     218   28%
    Number of LOCed IOBs:                       60 out of      63   95%
    IOB Flip Flops:                              3

Specific Feature Utilization:
  Number of RAMB16BWERs:                         0 out of     116    0%
  Number of RAMB8BWERs:                          0 out of     232    0%
  Number of BUFIO2/BUFIO2_2CLKs:                 1 out of      32    3%
    Number used as BUFIO2s:                      1
    Number used as BUFIO2_2CLKs:                 0
  Number of BUFIO2FB/BUFIO2FB_2CLKs:             1 out of      32    3%
    Number used as BUFIO2FBs:                    1
    Number used as BUFIO2FB_2CLKs:               0
  Number of BUFG/BUFGMUXs:                       5 out of      16   31%
    Number used as BUFGs:                        5
    Number used as BUFGMUX:                      0
  Number of DCM/DCM_CLKGENs:                     0 out of       8    0%
  Number of ILOGIC2/ISERDES2s:                   1 out of     376    1%
    Number used as ILOGIC2s:                     1
    Number used as ISERDES2s:                    0
  Number of IODELAY2/IODRP2/IODRP2_MCBs:         0 out of     376    0%
  Number of OLOGIC2/OSERDES2s:                   2 out of     376    1%
    Number used as OLOGIC2s:                     2
    Number used as OSERDES2s:                    0
  Number of BSCANs:                              0 out of       4    0%
  Number of BUFHs:                               0 out of     256    0%
  Number of BUFPLLs:                             0 out of       8    0%
  Number of BUFPLL_MCBs:                         0 out of       4    0%
  Number of DSP48A1s:                            0 out of      58    0%
  Number of ICAPs:                               0 out of       1    0%
  Number of MCBs:                                0 out of       2    0%
  Number of PCILOGICSEs:                         0 out of       2    0%
  Number of PLL_ADVs:                            1 out of       4   25%
  Number of PMVs:                                0 out of       1    0%
  Number of STARTUPs:                            0 out of       1    0%
  Number of SUSPEND_SYNCs:                       0 out of       1    0%

Average Fanout of Non-Clock Nets:                3.67

Peak Memory Usage:  416 MB
Total REAL time to MAP completion:  10 secs 
Total CPU time to MAP completion:   10 secs 

Table of Contents
-----------------
Section 1 - Errors
Section 2 - Warnings
Section 3 - Informational
Section 4 - Removed Logic Summary
Section 5 - Removed Logic
Section 6 - IOB Properties
Section 7 - RPMs
Section 8 - Guide Report
Section 9 - Area Group and Partition Summary
Section 10 - Timing Report
Section 11 - Configuration String Information
Section 12 - Control Set Information
Section 13 - Utilization by Hierarchy

Section 1 - Errors
------------------

Section 2 - Warnings
--------------------
WARNING:Security:42 - Your software subscription period has lapsed. Your current
version of Xilinx tools will continue to function, but you no longer qualify for
Xilinx software updates or new releases.
WARNING:Pack:2548 - The register "TFT/tft_vdd_1" has the property IOB=TRUE, but
   was not packed into the ILOGIC component. 

Section 3 - Informational
-------------------------
INFO:Security:54 - 'xc6slx45' is a WebPack part.
INFO:LIT:243 - Logical network touch_busy has no load.
INFO:LIT:395 - The above info message is repeated 5 more times for the following
   (max. 5 shown):
   button_up_IBUF,
   button_down_IBUF,
   button_right_IBUF,
   button_left_IBUF,
   button_center_IBUF
   To see the details of these info messages, please use the -detail switch.
INFO:MapLib:562 - No environment variables are currently set.
INFO:Pack:1716 - Initializing temperature to 85.000 Celsius. (default - Range:
   0.000 to 85.000 Celsius)
INFO:Pack:1720 - Initializing voltage to 1.140 Volts. (default - Range: 1.140 to
   1.260 Volts)
INFO:Map:215 - The Interim Design Summary has been generated in the MAP Report
   (.mrp).
INFO:Place:834 - Only a subset of IOs are locked. Out of 63 IOs, 60 are locked
   and 3 are not locked. If you would like to print the names of these IOs,
   please set the environment variable XIL_PAR_DESIGN_CHECK_VERBOSE to 1. 
INFO:Pack:1650 - Map created a placed design.

Section 4 - Removed Logic Summary
---------------------------------
   1 block(s) removed
   2 block(s) optimized away
   1 signal(s) removed

Section 5 - Removed Logic
-------------------------

The trimmed logic report below shows the logic removed from your design due to
sourceless or loadless signals, and VCC or ground connections.  If the removal
of a signal or symbol results in the subsequent removal of an additional signal
or symbol, the message explaining that second removal will be indented.  This
indentation will be repeated as a chain of related logic is removed.

To quickly locate the original cause for the removal of a chain of logic, look
above the place where that logic is listed in the trimming report, then locate
the lines that are least indented (begin at the leftmost edge).

Loadless block "CLOCK_GEN/clkout2_buf" (CKBUF) removed.
 The signal "CLOCK_GEN/clkout1" is loadless and has been removed.

Optimized Block(s):
TYPE 		BLOCK
GND 		XST_GND
VCC 		XST_VCC

To enable printing of redundant blocks removed and signals merged, set the
detailed map report option and rerun map.

Section 6 - IOB Properties
--------------------------

+---------------------------------------------------------------------------------------------------------------------------------------------------------+
| IOB Name                           | Type             | Direction | IO Standard          | Diff  | Drive    | Slew | Reg (s)      | Resistor | IOB      |
|                                    |                  |           |                      | Term  | Strength | Rate |              |          | Delay    |
+---------------------------------------------------------------------------------------------------------------------------------------------------------+
| JB<0>                              | IOB              | OUTPUT    | LVCMOS33             |       | 12       | FAST |              |          |          |
| JB<1>                              | IOB              | OUTPUT    | LVCMOS33             |       | 12       | FAST |              |          |          |
| JB<2>                              | IOB              | OUTPUT    | LVCMOS33             |       | 12       | FAST |              |          |          |
| JB<3>                              | IOB              | OUTPUT    | LVCMOS33             |       | 12       | FAST |              |          |          |
| JB<4>                              | IOB              | OUTPUT    | LVCMOS33             |       | 12       | FAST |              |          |          |
| JB<5>                              | IOB              | OUTPUT    | LVCMOS33             |       | 12       | FAST |              |          |          |
| JB<6>                              | IOB              | OUTPUT    | LVCMOS33             |       | 12       | FAST |              |          |          |
| JB<7>                              | IOB              | OUTPUT    | LVCMOS33             |       | 12       | FAST |              |          |          |
| button_center                      | IOB              | INPUT     | LVCMOS25             |       |          |      |              |          |          |
| button_down                        | IOB              | INPUT     | LVCMOS25             |       |          |      |              |          |          |
| button_left                        | IOB              | INPUT     | LVCMOS25             |       |          |      |              |          |          |
| button_right                       | IOB              | INPUT     | LVCMOS25             |       |          |      |              |          |          |
| button_up                          | IOB              | INPUT     | LVCMOS25             |       |          |      |              |          |          |
| led<0>                             | IOB              | OUTPUT    | LVCMOS33             |       | 12       | SLOW |              |          |          |
| led<1>                             | IOB              | OUTPUT    | LVCMOS33             |       | 12       | SLOW |              |          |          |
| led<2>                             | IOB              | OUTPUT    | LVCMOS33             |       | 12       | SLOW |              |          |          |
| led<3>                             | IOB              | OUTPUT    | LVCMOS33             |       | 12       | SLOW |              |          |          |
| led<4>                             | IOB              | OUTPUT    | LVCMOS33             |       | 12       | SLOW |              |          |          |
| led<5>                             | IOB              | OUTPUT    | LVCMOS33             |       | 12       | SLOW |              |          |          |
| led<6>                             | IOB              | OUTPUT    | LVCMOS33             |       | 12       | SLOW |              |          |          |
| led<7>                             | IOB              | OUTPUT    | LVCMOS33             |       | 12       | SLOW |              |          |          |
| rstb                               | IOB              | INPUT     | LVCMOS25             |       |          |      | IFF          |          |          |
| switch<0>                          | IOB              | INPUT     | LVCMOS33             |       |          |      |              |          |          |
| switch<1>                          | IOB              | INPUT     | LVCMOS33             |       |          |      |              |          |          |
| switch<2>                          | IOB              | INPUT     | LVCMOS33             |       |          |      |              |          |          |
| switch<3>                          | IOB              | INPUT     | LVCMOS33             |       |          |      |              |          |          |
| switch<4>                          | IOB              | INPUT     | LVCMOS33             |       |          |      |              |          |          |
| switch<5>                          | IOB              | INPUT     | LVCMOS33             |       |          |      |              |          |          |
| switch<6>                          | IOB              | INPUT     | LVCMOS33             |       |          |      |              |          |          |
| switch<7>                          | IOB              | INPUT     | LVCMOS33             |       |          |      |              |          |          |
| tft_backlight                      | IOB              | OUTPUT    | LVCMOS33             |       | 12       | FAST |              |          |          |
| tft_blue<0>                        | IOB              | OUTPUT    | LVCMOS33             |       | 12       | FAST |              |          |          |
| tft_blue<1>                        | IOB              | OUTPUT    | LVCMOS33             |       | 12       | FAST |              |          |          |
| tft_blue<2>                        | IOB              | OUTPUT    | LVCMOS33             |       | 12       | FAST |              |          |          |
| tft_blue<3>                        | IOB              | OUTPUT    | LVCMOS33             |       | 12       | FAST |              |          |          |
| tft_blue<4>                        | IOB              | OUTPUT    | LVCMOS33             |       | 12       | FAST |              |          |          |
| tft_blue<5>                        | IOB              | OUTPUT    | LVCMOS33             |       | 12       | FAST |              |          |          |
| tft_blue<6>                        | IOB              | OUTPUT    | LVCMOS33             |       | 12       | FAST |              |          |          |
| tft_blue<7>                        | IOB              | OUTPUT    | LVCMOS33             |       | 12       | FAST |              |          |          |
| tft_clk                            | IOB              | OUTPUT    | LVCMOS33             |       | 12       | FAST | ODDR         |          |          |
| tft_data_ena                       | IOB              | OUTPUT    | LVCMOS33             |       | 12       | FAST |              |          |          |
| tft_display                        | IOB              | OUTPUT    | LVCMOS33             |       | 12       | FAST | OFF          |          |          |
| tft_green<0>                       | IOB              | OUTPUT    | LVCMOS33             |       | 12       | FAST |              |          |          |
| tft_green<1>                       | IOB              | OUTPUT    | LVCMOS33             |       | 12       | FAST |              |          |          |
| tft_green<2>                       | IOB              | OUTPUT    | LVCMOS33             |       | 12       | FAST |              |          |          |
| tft_green<3>                       | IOB              | OUTPUT    | LVCMOS33             |       | 12       | FAST |              |          |          |
| tft_green<4>                       | IOB              | OUTPUT    | LVCMOS33             |       | 12       | FAST |              |          |          |
| tft_green<5>                       | IOB              | OUTPUT    | LVCMOS33             |       | 12       | FAST |              |          |          |
| tft_green<6>                       | IOB              | OUTPUT    | LVCMOS33             |       | 12       | FAST |              |          |          |
| tft_green<7>                       | IOB              | OUTPUT    | LVCMOS33             |       | 12       | FAST |              |          |          |
| tft_red<0>                         | IOB              | OUTPUT    | LVCMOS33             |       | 12       | FAST |              |          |          |
| tft_red<1>                         | IOB              | OUTPUT    | LVCMOS33             |       | 12       | FAST |              |          |          |
| tft_red<2>                         | IOB              | OUTPUT    | LVCMOS33             |       | 12       | FAST |              |          |          |
| tft_red<3>                         | IOB              | OUTPUT    | LVCMOS33             |       | 12       | FAST |              |          |          |
| tft_red<4>                         | IOB              | OUTPUT    | LVCMOS33             |       | 12       | FAST |              |          |          |
| tft_red<5>                         | IOB              | OUTPUT    | LVCMOS33             |       | 12       | FAST |              |          |          |
| tft_red<6>                         | IOB              | OUTPUT    | LVCMOS33             |       | 12       | FAST |              |          |          |
| tft_red<7>                         | IOB              | OUTPUT    | LVCMOS33             |       | 12       | FAST |              |          |          |
| tft_vdd                            | IOB              | OUTPUT    | LVCMOS33             |       | 12       | FAST |              |          |          |
| touch_clk                          | IOB              | OUTPUT    | LVCMOS25             |       | 12       | SLOW |              |          |          |
| touch_data_in                      | IOB              | OUTPUT    | LVCMOS25             |       | 12       | SLOW |              |          |          |
| touch_data_out                     | IOB              | INPUT     | LVCMOS25             |       |          |      |              |          |          |
| unbuf_clk                          | IOB              | INPUT     | LVCMOS25             |       |          |      |              |          |          |
+---------------------------------------------------------------------------------------------------------------------------------------------------------+

Section 7 - RPMs
----------------

Section 8 - Guide Report
------------------------
Guide not run on this design.

Section 9 - Area Group and Partition Summary
--------------------------------------------

Partition Implementation Status
-------------------------------

  No Partitions were found in this design.

-------------------------------

Area Group Information
----------------------

  No area groups were found in this design.

----------------------

Section 10 - Timing Report
--------------------------
A logic-level (pre-route) timing report can be generated by using Xilinx static
timing analysis tools, Timing Analyzer (GUI) or TRCE (command line), with the
mapped NCD and PCF files. Please note that this timing report will be generated
using estimated delay information. For accurate numbers, please generate a
timing report with the post Place and Route NCD file.

For more information about the Timing Analyzer, consult the Xilinx Timing
Analyzer Reference Manual; for more information about TRCE, consult the Xilinx
Command Line Tools User Guide "TRACE" chapter.

Section 11 - Configuration String Details
-----------------------------------------
Use the "-detail" map option to print out Configuration Strings

Section 12 - Control Set Information
------------------------------------
Use the "-detail" map option to print out Control Set Information.

Section 13 - Utilization by Hierarchy
-------------------------------------
Use the "-detail" map option to print out the Utilization by Hierarchy section.
