--------------------------------------------------------------------------------
Release 13.4 Trace  (nt64)
Copyright (c) 1995-2011 Xilinx, Inc.  All rights reserved.

E:\xilinx_install\ISE_DS\ISE\bin\nt64\unwrapped\trce.exe -intstyle ise -v 3 -s
3 -n 3 -fastpaths -xml main.twx main.ncd -o main.twr main.pcf -ucf atlys.ucf

Design file:              main.ncd
Physical constraint file: main.pcf
Device,package,speed:     xc6slx45,csg324,C,-3 (PRODUCTION 1.21 2012-01-07)
Report level:             verbose report

Environment Variable      Effect 
--------------------      ------ 
NONE                      No environment variables were set
--------------------------------------------------------------------------------

INFO:Timing:2698 - No timing constraints found, doing default enumeration.
INFO:Timing:3412 - To improve timing, see the Timing Closure User Guide (UG612).
INFO:Timing:2752 - To get complete path coverage, use the unconstrained paths 
   option. All paths that are not constrained will be reported in the 
   unconstrained paths section(s) of the report.
INFO:Timing:3339 - The clock-to-out numbers in this timing report are based on 
   a 50 Ohm transmission line loading model.  For the details of this model, 
   and for more information on accounting for different loading conditions, 
   please see the device datasheet.



Data Sheet report:
-----------------
All values displayed in nanoseconds (ns)

Setup/Hold to clock unbuf_clk
------------+------------+------------+------------+------------+------------------+--------+
            |Max Setup to|  Process   |Max Hold to |  Process   |                  | Clock  |
Source      | clk (edge) |   Corner   | clk (edge) |   Corner   |Internal Clock(s) | Phase  |
------------+------------+------------+------------+------------+------------------+--------+
rstb        |    7.628(R)|      SLOW  |   -3.107(R)|      FAST  |cclk              |   0.000|
            |    6.750(R)|      SLOW  |   -0.427(R)|      SLOW  |tft_clk_buf       |   0.000|
------------+------------+------------+------------+------------+------------------+--------+

Clock unbuf_clk to Pad
-------------+-----------------+------------+-----------------+------------+------------------+--------+
             |Max (slowest) clk|  Process   |Min (fastest) clk|  Process   |                  | Clock  |
Destination  |  (edge) to PAD  |   Corner   |  (edge) to PAD  |   Corner   |Internal Clock(s) | Phase  |
-------------+-----------------+------------+-----------------+------------+------------------+--------+
tft_backlight|        11.465(R)|      SLOW  |         4.413(R)|      FAST  |tft_clk_buf       |   0.000|
tft_blue<5>  |        12.253(R)|      SLOW  |         4.677(R)|      FAST  |cclk              |   0.000|
             |        11.376(R)|      SLOW  |         4.924(R)|      FAST  |tft_clk_buf       |   0.000|
tft_blue<6>  |        11.966(R)|      SLOW  |         4.536(R)|      FAST  |cclk              |   0.000|
             |        11.089(R)|      SLOW  |         4.783(R)|      FAST  |tft_clk_buf       |   0.000|
tft_blue<7>  |        12.092(R)|      SLOW  |         4.580(R)|      FAST  |cclk              |   0.000|
             |        11.215(R)|      SLOW  |         4.827(R)|      FAST  |tft_clk_buf       |   0.000|
tft_clk      |         4.186(R)|      SLOW  |         1.865(R)|      FAST  |tft_clk_buf       |   0.000|
             |         4.171(R)|      SLOW  |         1.943(R)|      FAST  |tft_clk_buf_n     |   0.000|
tft_data_ena |         9.210(R)|      SLOW  |         4.676(R)|      FAST  |tft_clk_buf       |   0.000|
tft_display  |         4.307(R)|      SLOW  |         1.803(R)|      FAST  |tft_clk_buf       |   0.000|
tft_green<5> |        11.547(R)|      SLOW  |         4.229(R)|      FAST  |cclk              |   0.000|
             |        10.670(R)|      SLOW  |         4.476(R)|      FAST  |tft_clk_buf       |   0.000|
tft_green<6> |        11.662(R)|      SLOW  |         4.280(R)|      FAST  |cclk              |   0.000|
             |        10.785(R)|      SLOW  |         4.527(R)|      FAST  |tft_clk_buf       |   0.000|
tft_red<5>   |        12.634(R)|      SLOW  |         4.988(R)|      FAST  |cclk              |   0.000|
             |        11.757(R)|      SLOW  |         5.235(R)|      FAST  |tft_clk_buf       |   0.000|
tft_red<6>   |        12.421(R)|      SLOW  |         4.852(R)|      FAST  |cclk              |   0.000|
             |        11.544(R)|      SLOW  |         5.099(R)|      FAST  |tft_clk_buf       |   0.000|
tft_red<7>   |        12.406(R)|      SLOW  |         4.845(R)|      FAST  |cclk              |   0.000|
             |        11.529(R)|      SLOW  |         5.092(R)|      FAST  |tft_clk_buf       |   0.000|
tft_vdd      |         7.595(R)|      SLOW  |         4.185(R)|      FAST  |tft_clk_buf       |   0.000|
touch_clk    |         6.191(R)|      SLOW  |         3.353(R)|      FAST  |cclk              |   0.000|
-------------+-----------------+------------+-----------------+------------+------------------+--------+

Clock to Setup on destination clock unbuf_clk
---------------+---------+---------+---------+---------+
               | Src:Rise| Src:Fall| Src:Rise| Src:Fall|
Source Clock   |Dest:Rise|Dest:Rise|Dest:Fall|Dest:Fall|
---------------+---------+---------+---------+---------+
unbuf_clk      |    3.574|         |         |         |
---------------+---------+---------+---------+---------+

Pad to Pad
---------------+---------------+---------+
Source Pad     |Destination Pad|  Delay  |
---------------+---------------+---------+
switch<0>      |tft_backlight  |   16.754|
switch<1>      |tft_backlight  |   17.587|
switch<2>      |tft_backlight  |   17.402|
switch<3>      |tft_backlight  |   14.558|
switch<4>      |tft_backlight  |   13.198|
switch<5>      |tft_backlight  |   13.669|
switch<6>      |tft_backlight  |   12.607|
switch<7>      |tft_backlight  |   13.440|
---------------+---------------+---------+


Analysis completed Fri Oct 31 19:17:06 2014 
--------------------------------------------------------------------------------

Trace Settings:
-------------------------
Trace Settings 

Peak Memory Usage: 264 MB



